2025/07/27 11:28:38 [notice] 1#1: using the "epoll" event method
2025/07/27 11:28:38 [notice] 1#1: nginx/1.25.3
2025/07/27 11:28:38 [notice] 1#1: built by gcc 12.2.0 (Debian 12.2.0-14) 
2025/07/27 11:28:38 [notice] 1#1: OS: Linux 5.15.49-linuxkit
2025/07/27 11:28:38 [notice] 1#1: getrlimit(RLIMIT_NOFILE): 1048576:1048576
2025/07/27 11:28:38 [notice] 1#1: start worker processes
2025/07/27 11:28:38 [notice] 1#1: start worker process 31
2025/07/27 11:28:38 [notice] 1#1: start worker process 32
2025/07/27 11:28:38 [notice] 1#1: start worker process 33
2025/07/27 11:28:38 [notice] 1#1: start worker process 34
2025/07/27 11:33:07 [notice] 1#1: signal 3 (SIGQUIT) received, shutting down
2025/07/27 11:33:07 [notice] 31#31: gracefully shutting down
2025/07/27 11:33:07 [notice] 34#34: gracefully shutting down
2025/07/27 11:33:07 [notice] 33#33: gracefully shutting down
2025/07/27 11:33:07 [notice] 33#33: exiting
2025/07/27 11:33:07 [notice] 32#32: gracefully shutting down
2025/07/27 11:33:07 [notice] 33#33: exit
2025/07/27 11:33:07 [notice] 31#31: exiting
2025/07/27 11:33:07 [notice] 34#34: exiting
2025/07/27 11:33:07 [notice] 34#34: exit
2025/07/27 11:33:07 [notice] 32#32: exiting
2025/07/27 11:33:07 [notice] 31#31: exit
2025/07/27 11:33:07 [notice] 32#32: exit
2025/07/27 11:33:07 [notice] 1#1: signal 17 (SIGCHLD) received from 31
2025/07/27 11:33:07 [notice] 1#1: worker process 31 exited with code 0
2025/07/27 11:33:07 [notice] 1#1: signal 29 (SIGIO) received
2025/07/27 11:33:07 [notice] 1#1: signal 17 (SIGCHLD) received from 33
2025/07/27 11:33:07 [notice] 1#1: worker process 33 exited with code 0
2025/07/27 11:33:07 [notice] 1#1: signal 29 (SIGIO) received
2025/07/27 11:33:07 [notice] 1#1: signal 17 (SIGCHLD) received from 32
2025/07/27 11:33:07 [notice] 1#1: worker process 32 exited with code 0
2025/07/27 11:33:07 [notice] 1#1: worker process 34 exited with code 0
2025/07/27 11:33:07 [notice] 1#1: exit
2025/07/27 11:43:27 [emerg] 1#1: unknown "workdir" variable
2025/07/27 11:57:15 [notice] 1#1: using the "epoll" event method
2025/07/27 11:57:15 [notice] 1#1: nginx/1.25.3
2025/07/27 11:57:15 [notice] 1#1: built by gcc 12.2.0 (Debian 12.2.0-14) 
2025/07/27 11:57:15 [notice] 1#1: OS: Linux 5.15.49-linuxkit
2025/07/27 11:57:15 [notice] 1#1: getrlimit(RLIMIT_NOFILE): 1048576:1048576
2025/07/27 11:57:15 [notice] 1#1: start worker processes
2025/07/27 11:57:15 [notice] 1#1: start worker process 30
2025/07/27 11:57:15 [notice] 1#1: start worker process 31
2025/07/27 11:57:15 [notice] 1#1: start worker process 32
2025/07/27 11:57:15 [notice] 1#1: start worker process 33
2025/07/27 12:23:17 [notice] 1#1: signal 3 (SIGQUIT) received, shutting down
2025/07/27 12:23:17 [notice] 32#32: gracefully shutting down
2025/07/27 12:23:17 [notice] 33#33: gracefully shutting down
2025/07/27 12:23:17 [notice] 31#31: gracefully shutting down
2025/07/27 12:23:17 [notice] 30#30: gracefully shutting down
2025/07/27 12:23:17 [notice] 32#32: exiting
2025/07/27 12:23:17 [notice] 31#31: exiting
2025/07/27 12:23:17 [notice] 33#33: exiting
2025/07/27 12:23:17 [notice] 30#30: exiting
2025/07/27 12:23:17 [notice] 31#31: exit
2025/07/27 12:23:17 [notice] 32#32: exit
2025/07/27 12:23:17 [notice] 33#33: exit
2025/07/27 12:23:17 [notice] 30#30: exit
2025/07/27 12:23:17 [notice] 1#1: signal 17 (SIGCHLD) received from 31
2025/07/27 12:23:17 [notice] 1#1: worker process 31 exited with code 0
2025/07/27 12:23:17 [notice] 1#1: signal 29 (SIGIO) received
2025/07/27 12:23:17 [notice] 1#1: signal 17 (SIGCHLD) received from 33
2025/07/27 12:23:17 [notice] 1#1: worker process 32 exited with code 0
2025/07/27 12:23:17 [notice] 1#1: worker process 30 exited with code 0
2025/07/27 12:23:17 [notice] 1#1: worker process 33 exited with code 0
2025/07/27 12:23:17 [notice] 1#1: exit
2025/07/27 12:23:18 [notice] 1#1: using the "epoll" event method
2025/07/27 12:23:18 [notice] 1#1: nginx/1.25.3
2025/07/27 12:23:18 [notice] 1#1: built by gcc 12.2.0 (Debian 12.2.0-14) 
2025/07/27 12:23:18 [notice] 1#1: OS: Linux 5.15.49-linuxkit
2025/07/27 12:23:18 [notice] 1#1: getrlimit(RLIMIT_NOFILE): 1048576:1048576
2025/07/27 12:23:18 [notice] 1#1: start worker processes
2025/07/27 12:23:18 [notice] 1#1: start worker process 31
2025/07/27 12:23:18 [notice] 1#1: start worker process 32
2025/07/27 12:23:18 [notice] 1#1: start worker process 33
2025/07/27 12:23:18 [notice] 1#1: start worker process 34
2025/07/27 20:08:30 [notice] 1#1: using the "epoll" event method
2025/07/27 20:08:30 [notice] 1#1: nginx/1.25.3
2025/07/27 20:08:30 [notice] 1#1: built by gcc 12.2.0 (Debian 12.2.0-14) 
2025/07/27 20:08:30 [notice] 1#1: OS: Linux 5.15.49-linuxkit
2025/07/27 20:08:30 [notice] 1#1: getrlimit(RLIMIT_NOFILE): 1048576:1048576
2025/07/27 20:08:30 [notice] 1#1: start worker processes
2025/07/27 20:08:30 [notice] 1#1: start worker process 31
2025/07/27 20:08:30 [notice] 1#1: start worker process 32
2025/07/27 20:08:30 [notice] 1#1: start worker process 33
2025/07/27 20:08:30 [notice] 1#1: start worker process 34
